2025.06.04 17:45:06 INFO  Started: Metals version 1.5.3 in folders '/Users/mohamadel-khatib/ocean-tool' for client Visual Studio Code 1.94.2.
2025.06.04 17:47:53 INFO  no build target found for /Users/mohamadel-khatib/ocean-tool/backend/app/controllers/HomeController.scala. Using presentation compiler with project's scala-library version: 3.3.6
2025.06.04 17:50:53 INFO  no build target found for /Users/mohamadel-khatib/ocean-tool/backend/app/controllers/HomeController.scala. Using presentation compiler with project's scala-library version: 3.3.6
2025.06.04 18:11:36 INFO  no build target found for /Users/mohamadel-khatib/ocean-tool/backend/app/controllers/HomeController.scala. Using presentation compiler with project's scala-library version: 3.3.6
2025.06.04 18:11:36 INFO  no build target found for /Users/mohamadel-khatib/ocean-tool/backend/app/controllers/HomeController.scala. Using presentation compiler with project's scala-library version: 3.3.6
2025.06.04 18:11:42 INFO  no build target found for /Users/mohamadel-khatib/ocean-tool/backend/app/controllers/HomeController.scala. Using presentation compiler with project's scala-library version: 3.3.6
2025.06.04 18:14:42 INFO  no build target found for /Users/mohamadel-khatib/ocean-tool/backend/app/controllers/HomeController.scala. Using presentation compiler with project's scala-library version: 3.3.6
2025.06.04 18:17:42 INFO  no build target found for /Users/mohamadel-khatib/ocean-tool/backend/app/controllers/HomeController.scala. Using presentation compiler with project's scala-library version: 3.3.6
2025.06.04 18:18:08 WARN  no build target for: /Users/mohamadel-khatib/ocean-tool/backend/app/controllers/HomeController.scala
2025.06.04 18:18:08 INFO  no build target found for /Users/mohamadel-khatib/ocean-tool/backend/app/controllers/HomeController.scala. Using presentation compiler with project's scala-library version: 3.3.6
2025.06.04 18:18:08 INFO  no build target found for /Users/mohamadel-khatib/ocean-tool/backend/app/controllers/HomeController.scala. Using presentation compiler with project's scala-library version: 3.3.6
2025.06.04 18:19:06 INFO  no build target found for /Users/mohamadel-khatib/ocean-tool/backend/app/controllers/HelloController.scala. Using presentation compiler with project's scala-library version: 3.3.6
2025.06.04 18:19:06 WARN  no build target for: /Users/mohamadel-khatib/ocean-tool/backend/app/controllers/HelloController.scala
2025.06.04 18:19:06 INFO  no build target found for /Users/mohamadel-khatib/ocean-tool/backend/app/controllers/HelloController.scala. Using presentation compiler with project's scala-library version: 3.3.6
2025.06.04 18:19:06 INFO  no build target found for /Users/mohamadel-khatib/ocean-tool/backend/app/controllers/HelloController.scala. Using presentation compiler with project's scala-library version: 3.3.6
2025.06.04 18:19:06 INFO  no build target found for /Users/mohamadel-khatib/ocean-tool/backend/app/controllers/HelloController.scala. Using presentation compiler with project's scala-library version: 3.3.6
2025.06.04 18:19:12 INFO  no build target found for /Users/mohamadel-khatib/ocean-tool/backend/app/controllers/HelloController.scala. Using presentation compiler with project's scala-library version: 3.3.6
2025.06.04 18:19:12 INFO  no build target found for /Users/mohamadel-khatib/ocean-tool/backend/app/controllers/HelloController.scala. Using presentation compiler with project's scala-library version: 3.3.6
2025.06.04 18:19:12 INFO  no build target found for /Users/mohamadel-khatib/ocean-tool/backend/app/controllers/HelloController.scala. Using presentation compiler with project's scala-library version: 3.3.6
2025.06.04 18:19:14 WARN  no build target for: /Users/mohamadel-khatib/ocean-tool/backend/app/controllers/HelloController.scala
2025.06.04 18:19:14 INFO  no build target found for /Users/mohamadel-khatib/ocean-tool/backend/app/controllers/HelloController.scala. Using presentation compiler with project's scala-library version: 3.3.6
2025.06.04 18:19:14 INFO  no build target found for /Users/mohamadel-khatib/ocean-tool/backend/app/controllers/HelloController.scala. Using presentation compiler with project's scala-library version: 3.3.6
2025.06.04 18:19:15 INFO  no build target found for /Users/mohamadel-khatib/ocean-tool/backend/app/controllers/HelloController.scala. Using presentation compiler with project's scala-library version: 3.3.6
2025.06.04 18:19:16 INFO  no build target found for /Users/mohamadel-khatib/ocean-tool/backend/app/controllers/HelloController.scala. Using presentation compiler with project's scala-library version: 3.3.6
2025.06.04 18:20:31 WARN  no build target for: /Users/mohamadel-khatib/ocean-tool/backend/app/controllers/HelloController.scala
2025.06.04 18:20:31 INFO  no build target found for /Users/mohamadel-khatib/ocean-tool/backend/app/controllers/HelloController.scala. Using presentation compiler with project's scala-library version: 3.3.6
2025.06.04 18:20:32 INFO  no build target found for /Users/mohamadel-khatib/ocean-tool/backend/app/controllers/HelloController.scala. Using presentation compiler with project's scala-library version: 3.3.6
Juni 04, 2025 6:20:32 PM org.eclipse.lsp4j.jsonrpc.RemoteEndpoint handleCancellation
WARNUNG: Unmatched cancel notification for request id 37
2025.06.04 18:20:32 WARN  no build target for: /Users/mohamadel-khatib/ocean-tool/backend/app/controllers/HelloController.scala
2025.06.04 18:20:32 INFO  no build target found for /Users/mohamadel-khatib/ocean-tool/backend/app/controllers/HelloController.scala. Using presentation compiler with project's scala-library version: 3.3.6
2025.06.04 18:20:42 INFO  no build target found for /Users/mohamadel-khatib/ocean-tool/backend/app/controllers/HomeController.scala. Using presentation compiler with project's scala-library version: 3.3.6
2025.06.04 18:20:44 WARN  no build target for: /Users/mohamadel-khatib/ocean-tool/backend/app/controllers/HelloController.scala
2025.06.04 18:20:44 INFO  no build target found for /Users/mohamadel-khatib/ocean-tool/backend/app/controllers/HelloController.scala. Using presentation compiler with project's scala-library version: 3.3.6
2025.06.04 18:20:44 INFO  no build target found for /Users/mohamadel-khatib/ocean-tool/backend/app/controllers/HelloController.scala. Using presentation compiler with project's scala-library version: 3.3.6
2025.06.04 18:21:19 INFO  no build target found for /Users/mohamadel-khatib/ocean-tool/backend/app/controllers/HelloController.scala. Using presentation compiler with project's scala-library version: 3.3.6
2025.06.04 18:23:43 INFO  no build target found for /Users/mohamadel-khatib/ocean-tool/backend/app/controllers/HomeController.scala. Using presentation compiler with project's scala-library version: 3.3.6
2025.06.04 18:26:43 INFO  no build target found for /Users/mohamadel-khatib/ocean-tool/backend/app/controllers/HomeController.scala. Using presentation compiler with project's scala-library version: 3.3.6
2025.06.04 18:28:51 WARN  no build target for: /Users/mohamadel-khatib/ocean-tool/backend/app/controllers/HelloController.scala
2025.06.04 18:28:51 INFO  no build target found for /Users/mohamadel-khatib/ocean-tool/backend/app/controllers/HelloController.scala. Using presentation compiler with project's scala-library version: 3.3.6
2025.06.04 18:28:51 INFO  no build target found for /Users/mohamadel-khatib/ocean-tool/backend/app/controllers/HelloController.scala. Using presentation compiler with project's scala-library version: 3.3.6
2025.06.04 18:28:51 INFO  no build target found for /Users/mohamadel-khatib/ocean-tool/backend/app/controllers/HelloController.scala. Using presentation compiler with project's scala-library version: 3.3.6
2025.06.04 18:29:43 INFO  no build target found for /Users/mohamadel-khatib/ocean-tool/backend/app/controllers/HomeController.scala. Using presentation compiler with project's scala-library version: 3.3.6
2025.06.04 18:32:43 INFO  no build target found for /Users/mohamadel-khatib/ocean-tool/backend/app/controllers/HomeController.scala. Using presentation compiler with project's scala-library version: 3.3.6
